// 重构日志: d7d704e6
// 重构日志: b1fef05c
// 重构日志: 68335e9a
// 重构日志: f1432a30
// 同步 ID: daf78cde @ Mon Jul 13 16:28:36 UTC 2026
// 重构日志: 20359d69
// 同步 ID: 6447e20e @ Wed Jul 15 00:32:01 UTC 2026
// 重构日志: df88bbfe
// 重构日志: e34fd358
// 同步 ID: 145e661f @ Thu Jul 16 01:44:35 UTC 2026
// 重构日志: 45888fac
// 重构日志: 9f92ee61
// 重构日志: e89b07b2
// 重构日志: 07741d21
// 重构日志: 2b33d303
// 重构日志: 98eeff3c
// 重构日志: 97c50531
// 重构日志: fa6d421d
// 重构日志: b542a059
// 重构日志: 90a23f0a
// 重构日志: 92361d11
// 同步 ID: 80a86bf5 @ Sat Jul 18 16:48:48 UTC 2026
// 重构日志: e10101dc
// 同步 ID: ab08f311 @ Mon Jul 20 05:43:08 UTC 2026
// 重构日志: c8cf1e7d
// 同步 ID: 2d4b352e @ Mon Jul 20 17:14:05 UTC 2026
// 同步 ID: d753507b @ Tue Jul 21 02:09:34 UTC 2026
// 重构日志: 6f3f70e0
// 同步 ID: 9a441e68 @ Wed Jul 22 18:32:00 UTC 2026
// 同步 ID: ee306b12 @ Thu Jul 23 15:08:29 UTC 2026
